[debug] [2025-01-16T09:41:34.201Z] ----------------------------------------------------------------------
[debug] [2025-01-16T09:41:34.203Z] Command:       /opt/homebrew/Cellar/node/23.5.0/bin/node /Users/benbroch/Downloads/DO-NOT-TOUCH-RILEY-TEMPLATE-v2 3/node_modules/.bin/firebase init storage
[debug] [2025-01-16T09:41:34.203Z] CLI Version:   13.29.1
[debug] [2025-01-16T09:41:34.203Z] Platform:      darwin
[debug] [2025-01-16T09:41:34.203Z] Node Version:  v23.5.0
[debug] [2025-01-16T09:41:34.204Z] Time:          Thu Jan 16 2025 15:11:34 GMT+0530 (India Standard Time)
[debug] [2025-01-16T09:41:34.204Z] ----------------------------------------------------------------------
[debug] 
[debug] [2025-01-16T09:41:34.208Z] > command requires scopes: ["email","openid","https://www.googleapis.com/auth/cloudplatformprojects.readonly","https://www.googleapis.com/auth/firebase","https://www.googleapis.com/auth/cloud-platform"]
[debug] [2025-01-16T09:41:34.208Z] > authorizing via signed-in user (bmbroch@gmail.com)
[info] 
     ######## #### ########  ######## ########     ###     ######  ########
     ##        ##  ##     ## ##       ##     ##  ##   ##  ##       ##
     ######    ##  ########  ######   ########  #########  ######  ######
     ##        ##  ##    ##  ##       ##     ## ##     ##       ## ##
     ##       #### ##     ## ######## ########  ##     ##  ######  ########

You're about to initialize a Firebase project in this directory:

  /Users/benbroch/Downloads/DO-NOT-TOUCH-RILEY-TEMPLATE-v2 3

[info] 
=== Project Setup
[info] 
[info] First, let's associate this project directory with a Firebase project.
[info] You can create multiple project aliases by running firebase use --add, 
[info] but for now we'll just set up a default project.
[info] 
[debug] [2025-01-16T09:43:07.780Z] Checked if tokens are valid: true, expires at: 1737023767070
[debug] [2025-01-16T09:43:07.783Z] Checked if tokens are valid: true, expires at: 1737023767070
[debug] [2025-01-16T09:43:07.785Z] >>> [apiv2][query] GET https://firebase.googleapis.com/v1beta1/projects pageSize=100
[debug] [2025-01-16T09:43:08.719Z] <<< [apiv2][status] GET https://firebase.googleapis.com/v1beta1/projects 200
[debug] [2025-01-16T09:43:08.719Z] <<< [apiv2][body] GET https://firebase.googleapis.com/v1beta1/projects [omitted]
[info] i  Using project riley-project---attempt-two (Riley Project - Attempt Two) 
[info] 
=== Storage Setup
[info] 
[info] Firebase Storage Security Rules allow you to define how and when to allow
[info] uploads and downloads. You can keep these rules in your project directory
[info] and publish them with firebase deploy.
[info] 
